{
  "RSpec": {
    "coverage": {
      "/Users/emilydowdle1/Dropbox/turing_work/idea_box/app/helpers/application_helper.rb": [
        1,
        null
      ],
      "/Users/emilydowdle1/Dropbox/turing_work/idea_box/app/models/admin.rb": [
        1,
        null,
        null
      ],
      "/Users/emilydowdle1/Dropbox/turing_work/idea_box/app/models/admin/category.rb": [
        1,
        1,
        null,
        1,
        null,
        null,
        1,
        null
      ],
      "/Users/emilydowdle1/Dropbox/turing_work/idea_box/app/models/admin/image.rb": [
        1,
        1,
        null,
        1,
        null,
        null,
        1,
        null
      ],
      "/Users/emilydowdle1/Dropbox/turing_work/idea_box/app/models/idea.rb": [
        1,
        1,
        null,
        1,
        1,
        null
      ],
      "/Users/emilydowdle1/Dropbox/turing_work/idea_box/app/models/user.rb": [
        1,
        1,
        null,
        1,
        1,
        1,
        null,
        1,
        null,
        1,
        null,
        1,
        null,
        null,
        1,
        null,
        null,
        1,
        null
      ],
      "/Users/emilydowdle1/Dropbox/turing_work/idea_box/app/controllers/application_controller.rb": [
        1,
        null,
        null,
        1,
        null,
        1,
        null,
        1,
        97,
        null,
        null,
        1,
        54,
        null,
        null,
        null
      ],
      "/Users/emilydowdle1/Dropbox/turing_work/idea_box/app/controllers/admin/categories_controller.rb": [
        1,
        null,
        1,
        4,
        null,
        null,
        1,
        1,
        null,
        null,
        1,
        1,
        1,
        1,
        1,
        null,
        0,
        null,
        0,
        0,
        null,
        null,
        null,
        1,
        2,
        null,
        null,
        1,
        1,
        1,
        null,
        null,
        1,
        null,
        1,
        1,
        null,
        null,
        null,
        null,
        null,
        null
      ],
      "/Users/emilydowdle1/Dropbox/turing_work/idea_box/app/controllers/admin/base_controller.rb": [
        1,
        null,
        1,
        null,
        1,
        12,
        null,
        null,
        null
      ],
      "/Users/emilydowdle1/Dropbox/turing_work/idea_box/app/controllers/sessions_controller.rb": [
        1,
        null,
        1,
        null,
        null,
        1,
        8,
        8,
        6,
        6,
        null,
        2,
        2,
        null,
        null,
        null,
        1,
        1,
        1,
        1,
        null,
        null,
        null
      ],
      "/Users/emilydowdle1/Dropbox/turing_work/idea_box/app/controllers/users_controller.rb": [
        1,
        null,
        1,
        2,
        null,
        null,
        1,
        3,
        3,
        2,
        2,
        null,
        1,
        1,
        null,
        null,
        null,
        1,
        8,
        null,
        null,
        null,
        1,
        null,
        1,
        3,
        null,
        null
      ],
      "/Users/emilydowdle1/Dropbox/turing_work/idea_box/app/controllers/admin/images_controller.rb": [
        1,
        null,
        1,
        1,
        null,
        null,
        1,
        0,
        null,
        null,
        1,
        0,
        0,
        0,
        0,
        null,
        0,
        0,
        null,
        null,
        null,
        1,
        0,
        null,
        null,
        1,
        0,
        0,
        null,
        null,
        1,
        null,
        1,
        0,
        null,
        null,
        null
      ],
      "/Users/emilydowdle1/Dropbox/turing_work/idea_box/app/controllers/welcome_controller.rb": [
        1,
        1,
        2,
        2,
        null,
        null
      ],
      "/Users/emilydowdle1/Dropbox/turing_work/idea_box/app/controllers/ideas_controller.rb": [
        1,
        1,
        2,
        null,
        null,
        1,
        2,
        2,
        2,
        2,
        null,
        null,
        null,
        null,
        1,
        2,
        null,
        null,
        1,
        2,
        null,
        null,
        1,
        null,
        1,
        2,
        null,
        null
      ]
    },
    "timestamp": 1446863205
  }
}
